\BOOKMARK [1][]{section.1}{Introduction}{}% 1
\BOOKMARK [1][]{section.3}{Related Work}{}% 2
\BOOKMARK [1][]{section.4}{Methods}{}% 3
\BOOKMARK [2][]{subsection.6}{redPhase I: Need-finding}{section.4}% 4
\BOOKMARK [2][]{subsection.7}{redPhase II: Collaborative Prototyping}{section.4}% 5
\BOOKMARK [2][]{subsection.9}{redPhase III: Grounded Evaluation}{section.4}% 6
\BOOKMARK [1][]{section.10}{Current Participant Workflows and Opportunities}{}% 7
\BOOKMARK [2][]{subsection.11}{Astronomy}{section.10}% 8
\BOOKMARK [2][]{subsection.12}{Genetics}{section.10}% 9
\BOOKMARK [2][]{subsection.13}{Material Science}{section.10}% 10
\BOOKMARK [1][]{section.15}{redDesign Process and System Overview}{}% 11
\BOOKMARK [2][]{subsection.16}{The Collaborative Feature Discovery Process }{section.15}% 12
\BOOKMARK [2][]{subsection.18}{System Overview}{section.15}% 13
\BOOKMARK [1][]{section.20}{A Sensemaking Model for VQSs}{}% 14
\BOOKMARK [2][]{subsection.21}{Top-Down Pattern Search}{section.20}% 15
\BOOKMARK [2][]{subsection.22}{Bottom-Up Data-Driven Inquiry}{section.20}% 16
\BOOKMARK [2][]{subsection.23}{Context creation}{section.20}% 17
\BOOKMARK [1][]{section.24}{Evaluation Study Findings}{}% 18
\BOOKMARK [2][]{subsection.26}{Uncovering the Myth of Sketch-to-Insight}{section.24}% 19
\BOOKMARK [2][]{subsection.30}{Insights via Context Creation and Bottom-up Approaches}{section.24}% 20
\BOOKMARK [2][]{subsection.33}{Combining Sensemaking Processes in VQS Workflows}{section.24}% 21
\BOOKMARK [2][]{subsection.36}{Limitations}{section.24}% 22
\BOOKMARK [1][]{section.37}{Conclusion}{}% 23
\BOOKMARK [1][]{appendix.38}{Artifacts from Participatory Design}{}% 24
\BOOKMARK [1][]{appendix.45}{Characterizing the Problem Space for VQSs}{}% 25
\BOOKMARK [1][]{appendix.47}{Evaluation Study Protocol}{}% 26
\BOOKMARK [1][]{appendix.48}{Evaluation Study Analysis Details}{}% 27
