\BOOKMARK [1][-]{section*.1}{\376\377\000A\000b\000s\000t\000r\000a\000c\000t}{}% 1
\BOOKMARK [1][-]{section.1}{\376\377\0001\000\040\000I\000n\000t\000r\000o\000d\000u\000c\000t\000i\000o\000n}{}% 2
\BOOKMARK [1][-]{section.2}{\376\377\0002\000\040\000V\000i\000s\000u\000a\000l\000\040\000Q\000u\000e\000r\000y\000\040\000S\000y\000s\000t\000e\000m\000s\000:\000\040\000D\000e\000f\000i\000n\000i\000t\000i\000o\000n\000\040\000a\000n\000d\000\040\000B\000r\000i\000e\000f\000\040\000S\000u\000r\000v\000e\000y}{}% 3
\BOOKMARK [1][-]{section.3}{\376\377\0003\000\040\000M\000e\000t\000h\000o\000d\000s}{}% 4
\BOOKMARK [2][-]{section*.5}{\376\377\000E\000v\000a\000l\000u\000a\000t\000i\000n\000g\000\040\000V\000i\000s\000u\000a\000l\000\040\000A\000n\000a\000l\000y\000t\000i\000c\000s\000\040\000S\000y\000s\000t\000e\000m\000s}{section.3}% 5
\BOOKMARK [2][-]{section*.6}{\376\377\000O\000u\000r\000\040\000A\000p\000p\000r\000o\000a\000c\000h\000:\000\040\000M\000u\000l\000t\000i\000p\000l\000e\000\040\000D\000e\000s\000i\000g\000n\000\040\000S\000t\000u\000d\000i\000e\000s\000\040\000w\000i\000t\000h\000\040\000I\000n\000i\000t\000i\000a\000l\000\040\000P\000r\000o\000t\000o\000t\000y\000p\000e\000\040\000a\000n\000d\000\040\000R\000e\000a\000l\000i\000s\000t\000i\000c\000\040\000E\000v\000a\000l\000u\000a\000t\000i\000o\000n}{section.3}% 6
\BOOKMARK [1][-]{section.4}{\376\377\0004\000\040\000U\000n\000d\000e\000r\000s\000t\000a\000n\000d\000i\000n\000g\000\040\000S\000c\000i\000e\000n\000t\000i\000f\000i\000c\000\040\000D\000a\000t\000a\000\040\000A\000n\000a\000l\000y\000s\000i\000s\000\040\000\050\000R\000Q\0001\000\051}{}% 7
\BOOKMARK [2][-]{section*.9}{\376\377\000P\000a\000r\000t\000i\000c\000i\000p\000a\000n\000t\000s\000,\000\040\000D\000a\000t\000a\000s\000e\000t\000s\000\040\000a\000n\000d\000\040\000W\000o\000r\000k\000f\000l\000o\000w\000s}{section.4}% 8
\BOOKMARK [2][-]{section*.11}{\376\377\000C\000o\000g\000n\000i\000t\000i\000v\000e\000\040\000W\000a\000l\000k\000t\000h\000r\000o\000u\000g\000h\000\040\000S\000e\000s\000s\000i\000o\000n\000s}{section.4}% 9
\BOOKMARK [1][-]{section.5}{\376\377\0005\000\040\000T\000h\000e\000m\000e\000s\000\040\000E\000m\000e\000r\000g\000i\000n\000g\000\040\000f\000r\000o\000m\000\040\000P\000a\000r\000t\000i\000c\000i\000p\000a\000t\000o\000r\000y\000\040\000D\000e\000s\000i\000g\000n\000\040\000\050\000R\000Q\0002\000\051}{}% 10
\BOOKMARK [2][-]{section*.14}{\376\377\000U\000n\000i\000n\000t\000e\000r\000r\000u\000p\000t\000e\000d\000\040\000w\000o\000r\000k\000f\000l\000o\000w}{section.5}% 11
\BOOKMARK [2][-]{section*.15}{\376\377\000I\000n\000c\000r\000e\000a\000s\000i\000n\000g\000\040\000e\000x\000p\000r\000e\000s\000s\000i\000v\000e\000n\000e\000s\000s\000\040\000o\000f\000\040\000q\000u\000e\000r\000y\000i\000n\000g\000\040\000c\000a\000p\000a\000b\000i\000l\000i\000t\000i\000e\000s}{section.5}% 12
\BOOKMARK [2][-]{section*.16}{\376\377\000A\000b\000i\000l\000i\000t\000y\000\040\000t\000o\000\040\000d\000y\000n\000a\000m\000i\000c\000a\000l\000l\000y\000\040\000f\000a\000c\000e\000t\000\040\000t\000h\000r\000o\000u\000g\000h\000\040\000s\000u\000b\000s\000e\000t\000s}{section.5}% 13
\BOOKMARK [2][-]{section*.18}{\376\377\000F\000i\000n\000e\000r\000\040\000S\000y\000s\000t\000e\000m\000-\000l\000e\000v\000e\000l\000\040\000C\000o\000n\000t\000r\000o\000l\000\040\000a\000n\000d\000\040\000U\000n\000d\000e\000r\000s\000t\000a\000n\000d\000i\000n\000g}{section.5}% 14
\BOOKMARK [1][-]{section.6}{\376\377\0006\000\040\000F\000i\000n\000a\000l\000\040\000E\000v\000a\000l\000u\000a\000t\000i\000o\000n\000\040\000S\000t\000u\000d\000y\000:\000\040\000M\000e\000t\000h\000o\000d\000o\000l\000o\000g\000y\000\040\000a\000n\000d\000\040\000R\000e\000s\000u\000l\000t\000s}{}% 15
\BOOKMARK [2][-]{section*.19}{\376\377\000D\000a\000t\000a\000\040\000C\000o\000l\000l\000e\000c\000t\000i\000o\000n\000\040\000\046\000\040\000A\000n\000a\000l\000y\000s\000i\000s}{section.6}% 16
\BOOKMARK [1][-]{section.7}{\376\377\0007\000\040\000A\000c\000t\000i\000o\000n\000a\000b\000l\000e\000\040\000V\000Q\000S\000\040\000f\000e\000a\000t\000u\000r\000e\000s\000\040\000f\000o\000r\000\040\000s\000c\000i\000e\000n\000t\000i\000f\000i\000c\000\040\000i\000n\000s\000i\000g\000h\000t\000\040\000\050\000R\000Q\0003\000\051}{}% 17
\BOOKMARK [2][-]{section*.22}{\376\377\000T\000o\000p\000-\000d\000o\000w\000n\000\040\000v\000.\000s\000.\000\040\000B\000o\000t\000t\000o\000m\000-\000u\000p\000\040\000a\000n\000a\000l\000y\000s\000i\000s}{section.7}% 18
\BOOKMARK [2][-]{section*.27}{\376\377\000T\000h\000e\000\040\000n\000e\000e\000d\000\040\000f\000o\000r\000\040\000c\000o\000m\000p\000a\000r\000i\000s\000o\000n\000s\000\040\000a\000c\000r\000o\000s\000s\000\040\000m\000u\000l\000t\000i\000p\000l\000e\000\040\000c\000o\000l\000l\000e\000c\000t\000i\000o\000n\000s\000\040\000o\000f\000\040\000v\000i\000s\000u\000a\000l\000i\000z\000a\000t\000i\000o\000n\000s\000\040\000o\000n\000\040\000d\000i\000f\000f\000e\000r\000e\000n\000t\000\040\000d\000a\000t\000a\000\040\000a\000t\000t\000r\000i\000b\000u\000t\000e\000s\000.}{section.7}% 19
\BOOKMARK [2][-]{section*.28}{\376\377\000I\000n\000t\000e\000g\000r\000a\000t\000e\000d\000\040\000w\000o\000r\000k\000f\000l\000o\000w\000\040\000r\000e\000s\000u\000l\000t\000s\000\040\000i\000n\000\040\000m\000o\000r\000e\000\040\000e\000x\000p\000e\000r\000i\000m\000e\000n\000t\000a\000t\000i\000o\000n\000.}{section.7}% 20
\BOOKMARK [2][-]{section*.29}{\376\377\000R\000a\000p\000i\000d\000\040\000i\000n\000s\000i\000g\000h\000t\000s\000\040\000v\000i\000a\000\040\000V\000Q\000S\000s\000\040\000c\000a\000t\000a\000l\000y\000z\000e\000\040\000n\000e\000w\000\040\000q\000u\000e\000s\000t\000i\000o\000n\000s\000,\000\040\000h\000y\000p\000o\000t\000h\000e\000s\000e\000s\000,\000\040\000a\000n\000d\000\040\000a\000c\000t\000i\000o\000n\000s\000.}{section.7}% 21
\BOOKMARK [1][-]{section.8}{\376\377\0008\000\040\000V\000Q\000S\000s\000\040\000w\000i\000t\000h\000i\000n\000\040\000a\000\040\000s\000c\000i\000e\000n\000t\000i\000f\000i\000c\000\040\000d\000a\000t\000a\000\040\000a\000n\000a\000l\000y\000s\000i\000s\000\040\000w\000o\000r\000k\000f\000l\000o\000w\000\040\000\050\000R\000Q\0004\000\051}{}% 22
\BOOKMARK [2][-]{section*.30}{\376\377\000V\000Q\000S\000s\000\040\000u\000s\000e\000d\000\040\000b\000e\000y\000o\000n\000d\000\040\000t\000h\000e\000\040\000e\000x\000p\000l\000o\000r\000a\000t\000i\000o\000n\000\040\000s\000t\000a\000g\000e\000\040\000o\000f\000\040\000a\000n\000a\000l\000y\000s\000i\000s\000.}{section.8}% 23
\BOOKMARK [2][-]{section*.31}{\376\377\000V\000Q\000S\000s\000\040\000f\000o\000r\000\040\000v\000e\000r\000i\000f\000y\000i\000n\000g\000\040\000d\000a\000t\000a\000\040\000f\000i\000d\000e\000l\000i\000t\000y\000\040\000a\000n\000d\000\040\000d\000e\000b\000u\000g\000g\000i\000n\000g\000.}{section.8}% 24
\BOOKMARK [2][-]{section*.32}{\376\377\000V\000Q\000S\000s\000\040\000a\000r\000e\000\040\000u\000s\000e\000d\000\040\000i\000n\000\040\000c\000o\000n\000j\000u\000n\000c\000t\000i\000o\000n\000\040\000w\000i\000t\000h\000\040\000e\000x\000t\000e\000r\000n\000a\000l\000\040\000t\000o\000o\000l\000s\000.}{section.8}% 25
\BOOKMARK [2][-]{section*.33}{\376\377\000I\000n\000s\000i\000g\000h\000t\000s\000\040\000d\000e\000r\000i\000v\000e\000d\000\040\000f\000r\000o\000m\000\040\000V\000Q\000S\000\040\000s\000e\000e\000n\000\040\000a\000s\000\040\000p\000r\000e\000l\000i\000m\000i\000n\000a\000r\000y\000\040\000a\000n\000d\000\040\000c\000a\000n\000\040\000b\000e\000\040\000s\000u\000b\000j\000e\000c\000t\000e\000d\000\040\000t\000o\000\040\000m\000o\000r\000e\000\040\000r\000o\000b\000u\000s\000t\000\040\000t\000e\000s\000t\000i\000n\000g\000\040\000o\000r\000\040\000d\000o\000w\000n\000s\000t\000r\000e\000a\000m\000\040\000m\000o\000d\000e\000l\000i\000n\000g\000.}{section.8}% 26
\BOOKMARK [1][-]{section.9}{\376\377\0009\000\040\000R\000e\000f\000l\000e\000c\000t\000i\000o\000n\000s\000\040\000o\000n\000\040\000M\000e\000t\000a\000-\000a\000n\000a\000l\000y\000s\000i\000s\000\040\000M\000e\000t\000h\000o\000d\000o\000l\000o\000g\000y\000\040\000a\000n\000d\000\040\000L\000i\000m\000i\000t\000a\000t\000i\000o\000n\000s}{}% 27
\BOOKMARK [1][-]{section.10}{\376\377\0001\0000\000\040\000C\000o\000n\000c\000l\000u\000s\000i\000o\000n\000\040\000a\000n\000d\000\040\000F\000u\000t\000u\000r\000e\000\040\000W\000o\000r\000k\000\040}{}% 28
\BOOKMARK [1][-]{section.11}{\376\377\0001\0001\000\040\000A\000c\000k\000n\000o\000w\000l\000e\000d\000g\000m\000e\000n\000t\000s}{}% 29
\BOOKMARK [1][-]{section*.35}{\376\377\000R\000e\000f\000e\000r\000e\000n\000c\000e\000s}{}% 30
