\BOOKMARK [1][]{section.1}{Introduction}{}% 1
\BOOKMARK [1][]{section.3}{Related Work}{}% 2
\BOOKMARK [1][]{section.4}{Methods}{}% 3
\BOOKMARK [2][]{subsection.5}{Phase I: Need-finding}{section.4}% 4
\BOOKMARK [2][]{subsection.6}{Phase II: Collaborative Prototyping}{section.4}% 5
\BOOKMARK [2][]{subsection.7}{Phase III: Grounded Evaluation}{section.4}% 6
\BOOKMARK [1][]{section.9}{Current Participant Workflows and Opportunities}{}% 7
\BOOKMARK [2][]{subsection.11}{Astronomy}{section.9}% 8
\BOOKMARK [2][]{subsection.12}{Genetics}{section.9}% 9
\BOOKMARK [2][]{subsection.13}{Material Science}{section.9}% 10
\BOOKMARK [2][]{subsection.14}{Themes Emerging From Need-finding Phase}{section.9}% 11
\BOOKMARK [1][]{section.16}{Design Process and System Overview}{}% 12
\BOOKMARK [2][]{subsection.17}{System Overview}{section.16}% 13
\BOOKMARK [2][]{subsection.18}{The Collaborative Feature Discovery Process }{section.16}% 14
\BOOKMARK [1][]{section.20}{A Sensemaking Model for VQSs}{}% 15
\BOOKMARK [2][]{subsection.21}{Top-Down Pattern Search}{section.20}% 16
\BOOKMARK [2][]{subsection.22}{Bottom-Up Data-Driven Inquiry}{section.20}% 17
\BOOKMARK [2][]{subsection.23}{Context creation}{section.20}% 18
\BOOKMARK [1][]{section.24}{Evaluation Study Findings}{}% 19
\BOOKMARK [2][]{subsection.26}{Uncovering the Myth of Sketch-to-Insight}{section.24}% 20
\BOOKMARK [2][]{subsection.29}{Insights via Context Creation and Bottom-up Approaches}{section.24}% 21
\BOOKMARK [2][]{subsection.31}{Combining Sensemaking Processes in VQS Workflows}{section.24}% 22
\BOOKMARK [2][]{subsection.34}{Limitations}{section.24}% 23
\BOOKMARK [1][]{section.35}{Conclusion}{}% 24
\BOOKMARK [1][]{appendix.36}{Artifacts from Participatory Design}{}% 25
\BOOKMARK [1][]{appendix.43}{Characterizing the Problem Space for VQSs}{}% 26
\BOOKMARK [1][]{appendix.45}{Evaluation Study Protocol}{}% 27
\BOOKMARK [1][]{appendix.46}{Evaluation Study Analysis Details}{}% 28
\BOOKMARK [1][]{appendix.51}{Acknowledgments}{}% 29
