\BOOKMARK [1][]{section.1}{Introduction}{}% 1
\BOOKMARK [1][]{section.3}{redRelated Works}{}% 2
\BOOKMARK [1][]{section.5}{Methods}{}% 3
\BOOKMARK [2][]{subsection.6}{Phase I: Participatory Design}{section.5}% 4
\BOOKMARK [2][]{subsection.9}{Phase II: Evaluation Study}{section.5}% 5
\BOOKMARK [1][]{section.11}{Participants and Datasets}{}% 6
\BOOKMARK [1][]{section.13}{A Sensemaking Model for VQSs}{}% 7
\BOOKMARK [2][]{subsection.16}{Top-Down Pattern Search}{section.13}% 8
\BOOKMARK [2][]{subsection.17}{Bottom-Up Data-Driven Inquiry}{section.13}% 9
\BOOKMARK [2][]{subsection.18}{Context creation}{section.13}% 10
\BOOKMARK [1][]{section.19}{Design Process and System Overview}{}% 11
\BOOKMARK [2][]{subsection.20}{The Collaborative Feature Discovery Process }{section.19}% 12
\BOOKMARK [2][]{subsection.22}{System Overview}{section.19}% 13
\BOOKMARK [1][]{section.23}{Evaluation Study Findings}{}% 14
\BOOKMARK [2][]{subsection.24}{redUncovering the Myth of Sketch-to-Insight}{section.23}% 15
\BOOKMARK [2][]{subsection.27}{Context Creation and Bottom-up Applications}{section.23}% 16
\BOOKMARK [2][]{subsection.30}{Combining Sensemaking Processes in VQS Workflows}{section.23}% 17
\BOOKMARK [2][]{subsection.31}{Limitations}{section.23}% 18
\BOOKMARK [1][]{section.32}{Conclusion}{}% 19
\BOOKMARK [1][]{appendix.33}{Artifacts from Participatory Design}{}% 20
\BOOKMARK [1][]{appendix.40}{Characterizing the Problem Space for VQSs}{}% 21
\BOOKMARK [1][]{appendix.42}{Evaluation Study Analysis Details}{}% 22
