\BOOKMARK [1][-]{section.1}{1 Introduction}{}% 1
\BOOKMARK [1][-]{section.2}{2 Visual Query Systems: Definition and Brief Survey}{}% 2
\BOOKMARK [1][-]{section.3}{3 Methods}{}% 3
\BOOKMARK [2][-]{subsection.3.1}{3.1 Evaluating Visual Analytics Systems}{section.3}% 4
\BOOKMARK [2][-]{subsection.3.2}{3.2 Our Approach: Multiple Design Studies with Initial Prototype and Realistic Evaluation}{section.3}% 5
\BOOKMARK [1][-]{section.4}{4 Understanding Scientific Data Analysis \(RQ1\)}{}% 6
\BOOKMARK [2][-]{subsection.4.1}{4.1 Participants, Datasets and Workflows}{section.4}% 7
\BOOKMARK [2][-]{subsection.4.2}{4.2 Cognitive Walkthrough Sessions}{section.4}% 8
\BOOKMARK [1][-]{section.5}{5 Themes Emerging from Participatory Design \(RQ2\)}{}% 9
\BOOKMARK [2][-]{subsection.5.1}{5.1 Uninterrupted workflow}{section.5}% 10
\BOOKMARK [2][-]{subsection.5.2}{5.2 Increasing expressiveness of querying capabilities}{section.5}% 11
\BOOKMARK [2][-]{subsection.5.3}{5.3 Ability to dynamically facet through subsets}{section.5}% 12
\BOOKMARK [2][-]{subsection.5.4}{5.4 Finer System-level Control and Understanding}{section.5}% 13
\BOOKMARK [1][-]{section.6}{6 Final Evaluation Study: Methodology and Results}{}% 14
\BOOKMARK [2][-]{subsection.6.1}{6.1 Data Collection \046 Analysis}{section.6}% 15
\BOOKMARK [1][-]{section.7}{7 Actionable VQS features for scientific insight \(RQ3\)}{}% 16
\BOOKMARK [2][-]{subsection.7.1}{7.1 Top-down v.s. Bottom-up analysis}{section.7}% 17
\BOOKMARK [3][-]{subsubsection.7.1.1}{7.1.1 Querying Behavior}{subsection.7.1}% 18
\BOOKMARK [3][-]{subsubsection.7.1.2}{7.1.2 Faceted Exploration Behavior}{subsection.7.1}% 19
\BOOKMARK [3][-]{subsubsection.7.1.3}{7.1.3 Novel workflows focusing on one central foraging act.}{subsection.7.1}% 20
\BOOKMARK [2][-]{subsection.7.2}{7.2 The need for comparisons across multiple collections of visualizations on different data attributes.}{section.7}% 21
\BOOKMARK [2][-]{subsection.7.3}{7.3 Integrated workflow results in more experimentation.}{section.7}% 22
\BOOKMARK [2][-]{subsection.7.4}{7.4 Rapid insights via VQSs catalyze new questions, hypotheses, and actions.}{section.7}% 23
\BOOKMARK [1][-]{section.8}{8 VQSs within a scientific data analysis workflow \(RQ4\)}{}% 24
\BOOKMARK [2][-]{subsection.8.1}{8.1 VQSs used beyond the exploration stage of analysis.}{section.8}% 25
\BOOKMARK [2][-]{subsection.8.2}{8.2 VQSs for verifying data fidelity and debugging.}{section.8}% 26
\BOOKMARK [2][-]{subsection.8.3}{8.3 VQSs are used in conjunction with external tools.}{section.8}% 27
\BOOKMARK [2][-]{subsection.8.4}{8.4 Insights derived from VQS seen as preliminary and can be subjected to more robust testing or downstream modeling.}{section.8}% 28
\BOOKMARK [1][-]{section.9}{9 Reflections on Meta-analysis Methodology and Limitations}{}% 29
\BOOKMARK [1][-]{section.10}{10 Conclusion and Future Work }{}% 30
\BOOKMARK [1][-]{section.11}{11 Acknowledgments}{}% 31
\BOOKMARK [1][-]{section.11}{References}{}% 32
\BOOKMARK [1][-]{IEEEbiography.0}{Biographies}{}% 33
\BOOKMARK [2][-]{IEEEbiography.1}{Doris Jung-Lin Lee}{IEEEbiography.0}% 34
\BOOKMARK [2][-]{IEEEbiography.2}{John Lee}{IEEEbiography.0}% 35
\BOOKMARK [2][-]{IEEEbiography.3}{Tarique Siddiqui}{IEEEbiography.0}% 36
\BOOKMARK [2][-]{IEEEbiography.4}{Jaewoo Kim}{IEEEbiography.0}% 37
\BOOKMARK [2][-]{IEEEbiography.5}{Karrie Karahalios}{IEEEbiography.0}% 38
\BOOKMARK [2][-]{IEEEbiography.6}{Aditya Parameswaran}{IEEEbiography.0}% 39
