\BOOKMARK [1][]{section.1}{Introduction}{}% 1
\BOOKMARK [1][]{section.3}{Visual Query Systems: Definition and Brief Survey}{}% 2
\BOOKMARK [1][]{section.5}{Methods}{}% 3
\BOOKMARK [2][]{subsection.6}{Methodology Background}{section.5}% 4
\BOOKMARK [2][]{subsection.7}{Our Approach}{section.5}% 5
\BOOKMARK [1][]{section.9}{Understanding Scientific Data Analysis \(R1\)}{}% 6
\BOOKMARK [2][]{subsection.10}{Participants, Datasets and Workflows}{section.9}% 7
\BOOKMARK [2][]{subsection.17}{Cognitive Walkthrough Sessions}{section.9}% 8
\BOOKMARK [1][]{section.23}{Themes Emerging from Participatory Design \(R2\)}{}% 9
\BOOKMARK [2][]{subsection.24}{Uninterrupted workflow}{section.23}% 10
\BOOKMARK [2][]{subsection.27}{Increasing expressiveness of querying capabilities}{section.23}% 11
\BOOKMARK [2][]{subsection.28}{Ability to dynamically facet through subsets}{section.23}% 12
\BOOKMARK [2][]{subsection.30}{Finer System-level Control and Understanding}{section.23}% 13
\BOOKMARK [1][]{section.33}{Final Evaluation Study: Methodology and Results}{}% 14
\BOOKMARK [2][]{subsection.35}{Data Collection \046 Analysis}{section.33}% 15
\BOOKMARK [1][]{section.38}{Actionable VQS features for scientific insight \(R3\)}{}% 16
\BOOKMARK [2][]{subsection.39}{Top-down v.s. Bottom-up analysis}{section.38}% 17
\BOOKMARK [3][-]{subsubsection.40}{Querying Behavior}{subsection.39}% 18
\BOOKMARK [3][-]{subsubsection.42}{Faceted Exploration Behavior}{subsection.39}% 19
\BOOKMARK [3][-]{subsubsection.43}{Novel workflows focusing on one central foraging act.}{subsection.39}% 20
\BOOKMARK [2][]{subsection.44}{The need for comparisons across multiple collections of visualizations on different data attributes.}{section.38}% 21
\BOOKMARK [2][]{subsection.45}{Integrated workflow results in more experimentation.}{section.38}% 22
\BOOKMARK [2][]{subsection.46}{Rapid insights via VQSs catalyze new questions, hypotheses, and actions.}{section.38}% 23
\BOOKMARK [1][]{section.47}{VQSs within a scientific data analysis workflow \(R4\)}{}% 24
\BOOKMARK [2][]{subsection.48}{VQSs used beyond the exploration stage of analysis.}{section.47}% 25
\BOOKMARK [2][]{subsection.49}{VQSs can be used for verifying data fidelity and debugging.}{section.47}% 26
\BOOKMARK [2][]{subsection.50}{VQSs are used in conjunction with external tools.}{section.47}% 27
\BOOKMARK [2][]{subsection.51}{Insights derived as preliminary, and can be subjected to more robust testing or lightgraysupported their intuition for more advanced downstream modeling.}{section.47}% 28
\BOOKMARK [1][]{section.52}{Reflections on Meta-analysis Methodology and Limitations}{}% 29
\BOOKMARK [1][]{section.62}{Conclusion and Future Work}{}% 30
\BOOKMARK [1][]{section.63}{Acknowledgment}{}% 31
